<?xml version="1.0" encoding="UTF-8"?>
<testsuite name="GroupTest" tests="2" skipped="0" failures="0" errors="0" timestamp="2020-11-02T11:32:52" hostname="DESKTOP-FSMS0FN" time="0.099">
  <properties/>
  <testcase name="newNormalNote" classname="GroupTest" time="0.098"/>
  <testcase name="newBadTitelNote" classname="GroupTest" time="0.0"/>
  <system-out><![CDATA[created test Titel

error not created

]]></system-out>
  <system-err><![CDATA[]]></system-err>
</testsuite>
